# JRE version: Java(TM) SE Runtime Environment 18.9 (11.0.16.1+1) (build 11.0.16.1+1-LTS-1)
# Java VM: Java HotSpot(TM) 64-Bit Server VM 18.9 (11.0.16.1+1-LTS-1, mixed mode, tiered, compressed oops, g1 gc, windows-amd64)
Heap:
 garbage-first heap   total 260096K, used 135476K [0x0000000080000000, 0x0000000100000000)
  region size 1024K, 114 young (116736K), 6 survivors (6144K)
 Metaspace       used 44091K, capacity 45139K, committed 45340K, reserved 1089536K
  class space    used 5661K, capacity 6063K, committed 6172K, reserved 1048576K
GC Heap History (8 events):
Event: 3.479 GC heap before
{Heap before GC invocations=0 (full 0):
 garbage-first heap   total 260096K, used 29696K [0x0000000080000000, 0x0000000100000000)
  region size 1024K, 24 young (24576K), 0 survivors (0K)
 Metaspace       used 9932K, capacity 10195K, committed 10368K, reserved 1058816K
  class space    used 1030K, capacity 1105K, committed 1152K, reserved 1048576K
}
Event: 3.485 GC heap after
{Heap after GC invocations=1 (full 0):
 garbage-first heap   total 260096K, used 9445K [0x0000000080000000, 0x0000000100000000)
  region size 1024K, 3 young (3072K), 3 survivors (3072K)
 Metaspace       used 9932K, capacity 10195K, committed 10368K, reserved 1058816K
  class space    used 1030K, capacity 1105K, committed 1152K, reserved 1048576K
}
Event: 8.448 GC heap before
{Heap before GC invocations=1 (full 0):
 garbage-first heap   total 260096K, used 109797K [0x0000000080000000, 0x0000000100000000)
  region size 1024K, 101 young (103424K), 3 survivors (3072K)
 Metaspace       used 20669K, capacity 21168K, committed 21296K, reserved 1069056K
  class space    used 2566K, capacity 2731K, committed 2816K, reserved 1048576K
}
Event: 8.454 GC heap after
{Heap after GC invocations=2 (full 0):
 garbage-first heap   total 260096K, used 17088K [0x0000000080000000, 0x0000000100000000)
  region size 1024K, 11 young (11264K), 11 survivors (11264K)
 Metaspace       used 20669K, capacity 21168K, committed 21296K, reserved 1069056K
  class space    used 2566K, capacity 2731K, committed 2816K, reserved 1048576K
}
Event: 9.003 GC heap before
{Heap before GC invocations=3 (full 0):
 garbage-first heap   total 260096K, used 68288K [0x0000000080000000, 0x0000000100000000)
  region size 1024K, 61 young (62464K), 11 survivors (11264K)
 Metaspace       used 25741K, capacity 26415K, committed 26496K, reserved 1073152K
  class space    used 3403K, capacity 3638K, committed 3712K, reserved 1048576K
}
Event: 9.008 GC heap after
{Heap after GC invocations=4 (full 0):
 garbage-first heap   total 260096K, used 19168K [0x0000000080000000, 0x0000000100000000)
  region size 1024K, 3 young (3072K), 3 survivors (3072K)
 Metaspace       used 25741K, capacity 26415K, committed 26496K, reserved 1073152K
  class space    used 3403K, capacity 3638K, committed 3712K, reserved 1048576K
}
Event: 9.937 GC heap before
{Heap before GC invocations=4 (full 0):
 garbage-first heap   total 260096K, used 89824K [0x0000000080000000, 0x0000000100000000)
  region size 1024K, 73 young (74752K), 3 survivors (3072K)
 Metaspace       used 35130K, capacity 35885K, committed 35920K, reserved 1081344K
  class space    used 4571K, capacity 4909K, committed 4944K, reserved 1048576K
}
Event: 9.941 GC heap after
{Heap after GC invocations=5 (full 0):
 garbage-first heap   total 260096K, used 22836K [0x0000000080000000, 0x0000000100000000)
  region size 1024K, 6 young (6144K), 6 survivors (6144K)
 Metaspace       used 35130K, capacity 35885K, committed 35920K, reserved 1081344K
  class space    used 4571K, capacity 4909K, committed 4944K, reserved 1048576K
}

